<?xml version="1.0" encoding="UTF-8"?>
<testng-results ignored="0" total="1" passed="0" failed="1" skipped="0">
  <reporter-output>
  </reporter-output>
  <suite started-at="2025-01-14T10:42:29 GST" name="GroceryApplication" finished-at="2025-01-14T10:43:15 GST" duration-ms="46193">
    <groups>
    </groups>
    <test started-at="2025-01-14T10:42:29 GST" name="ChromeTest" finished-at="2025-01-14T10:43:15 GST" duration-ms="46193">
      <class name="testCase.LoginPageTest">
        <test-method is-config="true" signature="beforeMethod(java.lang.String)[pri:0, instance:testCase.LoginPageTest@2e8c1c9b]" started-at="2025-01-14T10:42:29 GST" name="beforeMethod" finished-at="2025-01-14T10:43:13 GST" duration-ms="43770" status="PASS">
          <params>
            <param index="0">
              <value>
                <![CDATA[chrome]]>
              </value>
            </param>
          </params>
          <reporter-output>
          </reporter-output>
        </test-method> <!-- beforeMethod -->
        <test-method signature="loginWithValidCredential()[pri:0, instance:testCase.LoginPageTest@2e8c1c9b]" started-at="2025-01-14T10:43:13 GST" name="loginWithValidCredential" finished-at="2025-01-14T10:43:15 GST" duration-ms="1890" status="FAIL">
          <exception class="java.lang.NullPointerException">
            <message>
              <![CDATA[Cannot invoke "org.apache.poi.xssf.usermodel.XSSFRow.getCell(int)" because "r" is null]]>
            </message>
            <full-stacktrace>
              <![CDATA[java.lang.NullPointerException: Cannot invoke "org.apache.poi.xssf.usermodel.XSSFRow.getCell(int)" because "r" is null
at utilities.ExcelUtilities.readExcelData(ExcelUtilities.java:24)
at testCase.BaseClass.groceryApplicationLogin(BaseClass.java:27)
at testCase.LoginPageTest.loginWithValidCredential(LoginPageTest.java:22)
at java.base/jdk.internal.reflect.NativeMethodAccessorImpl.invoke0(Native Method)
at java.base/jdk.internal.reflect.NativeMethodAccessorImpl.invoke(NativeMethodAccessorImpl.java:77)
at java.base/jdk.internal.reflect.DelegatingMethodAccessorImpl.invoke(DelegatingMethodAccessorImpl.java:43)
at java.base/java.lang.reflect.Method.invoke(Method.java:568)
at org.testng.internal.invokers.MethodInvocationHelper.invokeMethod(MethodInvocationHelper.java:141)
at org.testng.internal.invokers.TestInvoker.invokeMethod(TestInvoker.java:686)
at org.testng.internal.invokers.TestInvoker.invokeTestMethod(TestInvoker.java:230)
at org.testng.internal.invokers.MethodRunner.runInSequence(MethodRunner.java:63)
at org.testng.internal.invokers.TestInvoker$MethodInvocationAgent.invoke(TestInvoker.java:992)
at org.testng.internal.invokers.TestInvoker.invokeTestMethods(TestInvoker.java:203)
at org.testng.internal.invokers.TestMethodWorker.invokeTestMethods(TestMethodWorker.java:154)
at org.testng.internal.invokers.TestMethodWorker.run(TestMethodWorker.java:134)
at java.base/java.util.ArrayList.forEach(ArrayList.java:1511)
at org.testng.TestRunner.privateRun(TestRunner.java:739)
at org.testng.TestRunner.run(TestRunner.java:614)
at org.testng.SuiteRunner.runTest(SuiteRunner.java:421)
at org.testng.SuiteRunner$SuiteWorker.run(SuiteRunner.java:463)
at org.testng.internal.thread.ThreadUtil.lambda$execute$0(ThreadUtil.java:64)
at java.base/java.util.concurrent.FutureTask.run(FutureTask.java:264)
at java.base/java.util.concurrent.ThreadPoolExecutor.runWorker(ThreadPoolExecutor.java:1136)
at java.base/java.util.concurrent.ThreadPoolExecutor$Worker.run(ThreadPoolExecutor.java:635)
at java.base/java.lang.Thread.run(Thread.java:840)
]]>
            </full-stacktrace>
          </exception> <!-- java.lang.NullPointerException -->
          <reporter-output>
          </reporter-output>
        </test-method> <!-- loginWithValidCredential -->
        <test-method is-config="true" signature="afterMethode(org.testng.ITestResult)[pri:0, instance:testCase.LoginPageTest@2e8c1c9b]" started-at="2025-01-14T10:43:15 GST" name="afterMethode" finished-at="2025-01-14T10:43:15 GST" duration-ms="170" status="PASS">
          <params>
            <param index="0">
              <value>
                <![CDATA[[TestResult name=loginWithValidCredential status=FAILURE method=LoginPageTest.loginWithValidCredential()[pri:0, instance:testCase.LoginPageTest@2e8c1c9b] output={null}]]]>
              </value>
            </param>
          </params>
          <reporter-output>
          </reporter-output>
        </test-method> <!-- afterMethode -->
      </class> <!-- testCase.LoginPageTest -->
    </test> <!-- ChromeTest -->
  </suite> <!-- GroceryApplication -->
</testng-results>
